2025-12-20 18:34:37,320 INFO o.a.j.u.JMeterUtils: Setting Locale to en_EN
2025-12-20 18:34:37,332 INFO o.a.j.JMeter: Loading user properties from: /opt/homebrew/Cellar/jmeter/5.6.3/libexec/bin/user.properties
2025-12-20 18:34:37,332 INFO o.a.j.JMeter: Loading system properties from: /opt/homebrew/Cellar/jmeter/5.6.3/libexec/bin/system.properties
2025-12-20 18:34:37,335 INFO o.a.j.JMeter: Copyright (c) 1998-2024 The Apache Software Foundation
2025-12-20 18:34:37,335 INFO o.a.j.JMeter: Version 5.6.3
2025-12-20 18:34:37,335 INFO o.a.j.JMeter: java.version=21.0.9
2025-12-20 18:34:37,335 INFO o.a.j.JMeter: java.vm.name=OpenJDK 64-Bit Server VM
2025-12-20 18:34:37,335 INFO o.a.j.JMeter: os.name=Mac OS X
2025-12-20 18:34:37,335 INFO o.a.j.JMeter: os.arch=aarch64
2025-12-20 18:34:37,335 INFO o.a.j.JMeter: os.version=15.2
2025-12-20 18:34:37,335 INFO o.a.j.JMeter: file.encoding=UTF-8
2025-12-20 18:34:37,335 INFO o.a.j.JMeter: java.awt.headless=null
2025-12-20 18:34:37,335 INFO o.a.j.JMeter: Max memory     =1073741824
2025-12-20 18:34:37,335 INFO o.a.j.JMeter: Available Processors =11
2025-12-20 18:34:37,339 INFO o.a.j.JMeter: Default Locale=English (EN)
2025-12-20 18:34:37,339 INFO o.a.j.JMeter: JMeter  Locale=English (EN)
2025-12-20 18:34:37,339 INFO o.a.j.JMeter: JMeterHome=/opt/homebrew/Cellar/jmeter/5.6.3/libexec
2025-12-20 18:34:37,339 INFO o.a.j.JMeter: user.dir  =/Users/dev/Desktop/Fullstack-SRE/assessment-cc-sre-kubernetes-sr-01
2025-12-20 18:34:37,339 INFO o.a.j.JMeter: PWD       =/Users/dev/Desktop/Fullstack-SRE/assessment-cc-sre-kubernetes-sr-01
2025-12-20 18:34:37,371 INFO o.a.j.JMeter: IP: 172.25.39.128 Name: devs-MacBook-Pro-97.local FullName: 172.25.39.128
2025-12-20 18:34:37,376 INFO o.a.j.JMeter: Loaded icon properties from org/apache/jmeter/images/icon.properties
2025-12-20 18:34:37,605 INFO o.a.j.JMeterGuiLauncher: Setting LAF to: com.github.weisj.darklaf.DarkLaf:com.github.weisj.darklaf.theme.DarculaTheme
2025-12-20 18:34:38,372 INFO o.a.j.r.ClassFinder: Will scan jar /opt/homebrew/Cellar/jmeter/5.6.3/libexec/lib/ext/jmeter-plugins-manager-1.9.jar with filter ExtendsClassFilter [parents=[interface org.apache.jmeter.gui.action.Command], inner=false, contains=null, notContains=null]. Consider exposing JMeter plugins via META-INF/services, and add JMeter-Skip-Class-Scanning=true manifest attribute so JMeter can skip classfile scanning
2025-12-20 18:34:38,421 INFO o.a.j.r.ClassFinder: Will scan jar /opt/homebrew/Cellar/jmeter/5.6.3/libexec/lib/ext/jmeter-plugins-manager-1.9.jar with filter ExtendsClassFilter [parents=[interface org.apache.jmeter.gui.plugin.MenuCreator], inner=false, contains=null, notContains=null]. Consider exposing JMeter plugins via META-INF/services, and add JMeter-Skip-Class-Scanning=true manifest attribute so JMeter can skip classfile scanning
2025-12-20 18:34:38,477 INFO o.j.r.JARSourceHTTP: Found cached repo
2025-12-20 18:34:38,552 INFO o.j.r.PluginManager: Plugins Status: [jpgc-plugins-manager=1.9, jmeter-core=5.6.3, jmeter-ftp=5.6.3, jmeter-http=5.6.3, jmeter-jdbc=5.6.3, jmeter-jms=5.6.3, jmeter-junit=5.6.3, jmeter-java=5.6.3, jmeter-ldap=5.6.3, jmeter-mail=5.6.3, jmeter-mongodb=5.6.3, jmeter-native=5.6.3, jmeter-tcp=5.6.3, jmeter-components=5.6.3]
2025-12-20 18:34:38,552 INFO o.j.r.PluginManagerMenuItem: Plugins Manager has upgrades: [jpgc-plugins-manager]
2025-12-20 18:35:08,456 INFO o.a.j.p.h.s.HTTPSamplerBase: Parser for text/html is org.apache.jmeter.protocol.http.parser.LagartoBasedHtmlParser
2025-12-20 18:35:08,456 INFO o.a.j.p.h.s.HTTPSamplerBase: Parser for application/xhtml+xml is org.apache.jmeter.protocol.http.parser.LagartoBasedHtmlParser
2025-12-20 18:35:08,456 INFO o.a.j.p.h.s.HTTPSamplerBase: Parser for application/xml is org.apache.jmeter.protocol.http.parser.LagartoBasedHtmlParser
2025-12-20 18:35:08,456 INFO o.a.j.p.h.s.HTTPSamplerBase: Parser for text/xml is org.apache.jmeter.protocol.http.parser.LagartoBasedHtmlParser
2025-12-20 18:35:08,456 INFO o.a.j.p.h.s.HTTPSamplerBase: Parser for text/vnd.wap.wml is org.apache.jmeter.protocol.http.parser.RegexpHTMLParser
2025-12-20 18:35:08,457 INFO o.a.j.p.h.s.HTTPSamplerBase: Parser for text/css is org.apache.jmeter.protocol.http.parser.CssParser
2025-12-20 18:35:56,707 INFO o.a.j.s.SampleResult: Note: Sample TimeStamps are START times
2025-12-20 18:35:56,707 INFO o.a.j.s.SampleResult: sampleresult.default.encoding is set to UTF-8
2025-12-20 18:35:56,708 INFO o.a.j.s.SampleResult: sampleresult.useNanoTime=true
2025-12-20 18:35:56,708 INFO o.a.j.s.SampleResult: sampleresult.nanoThreadSleep=5000
2025-12-20 18:35:56,749 INFO o.a.j.r.ClassFinder: Will scan jar /opt/homebrew/Cellar/jmeter/5.6.3/libexec/lib/ext/jmeter-plugins-manager-1.9.jar with filter ExtendsClassFilter [parents=[interface org.apache.jmeter.visualizers.ResultRenderer], inner=false, contains=null, notContains=null]. Consider exposing JMeter plugins via META-INF/services, and add JMeter-Skip-Class-Scanning=true manifest attribute so JMeter can skip classfile scanning
2025-12-20 18:35:56,757 INFO o.a.j.r.ClassFinder: Will scan jar /opt/homebrew/Cellar/jmeter/5.6.3/libexec/lib/ext/jmeter-plugins-manager-1.9.jar with filter ExtendsClassFilter [parents=[interface org.apache.jmeter.visualizers.RequestView], inner=false, contains=null, notContains=null]. Consider exposing JMeter plugins via META-INF/services, and add JMeter-Skip-Class-Scanning=true manifest attribute so JMeter can skip classfile scanning
2025-12-20 18:36:05,983 INFO o.a.j.e.StandardJMeterEngine: Running the test!
2025-12-20 18:36:05,984 INFO o.a.j.s.SampleEvent: List of sample_variables: []
2025-12-20 18:36:05,984 INFO o.a.j.s.SampleEvent: List of sample_variables: []
2025-12-20 18:36:05,984 INFO o.a.j.e.u.CompoundVariable: Note: Function class names must contain the string: '.functions.'
2025-12-20 18:36:05,984 INFO o.a.j.e.u.CompoundVariable: Note: Function class names must not contain the string: '.gui.'
2025-12-20 18:36:06,021 INFO o.a.j.r.ClassFinder: Will scan jar /opt/homebrew/Cellar/jmeter/5.6.3/libexec/lib/ext/jmeter-plugins-manager-1.9.jar with filter ExtendsClassFilter [parents=[interface org.apache.jmeter.functions.Function], inner=false, contains=null, notContains=null]. Consider exposing JMeter plugins via META-INF/services, and add JMeter-Skip-Class-Scanning=true manifest attribute so JMeter can skip classfile scanning
2025-12-20 18:36:06,025 INFO o.a.j.g.u.JMeterMenuBar: setRunning(true, *local*)
2025-12-20 18:36:06,051 INFO o.a.j.e.StandardJMeterEngine: Starting ThreadGroup: 1 : Test
2025-12-20 18:36:06,051 INFO o.a.j.e.StandardJMeterEngine: Starting 1 threads for group Test.
2025-12-20 18:36:06,051 INFO o.a.j.e.StandardJMeterEngine: Thread will continue on error
2025-12-20 18:36:06,051 INFO o.a.j.t.ThreadGroup: Starting thread group... number=1 threads=1 ramp-up=1 delayedStart=false
2025-12-20 18:36:06,053 INFO o.a.j.t.ThreadGroup: Started thread group number 1
2025-12-20 18:36:06,053 INFO o.a.j.e.StandardJMeterEngine: All thread groups have been started
2025-12-20 18:36:06,053 INFO o.a.j.t.JMeterThread: Thread started: Test 1-1
2025-12-20 18:36:06,059 INFO o.a.j.p.h.s.HTTPHCAbstractImpl: Local host = devs-MacBook-Pro-97.local
2025-12-20 18:36:06,062 INFO o.a.j.p.h.s.HTTPHC4Impl: HTTP request retry count = 0
2025-12-20 18:36:06,306 INFO o.a.j.t.JMeterThread: Thread is done: Test 1-1
2025-12-20 18:36:06,306 INFO o.a.j.t.JMeterThread: Thread finished: Test 1-1
2025-12-20 18:36:06,307 INFO o.a.j.e.StandardJMeterEngine: Notifying test listeners of end of test
2025-12-20 18:36:06,307 INFO o.a.j.s.FileServer: Default base='/Users/dev/Desktop/Fullstack-SRE/assessment-cc-sre-kubernetes-sr-01'
2025-12-20 18:36:06,308 INFO o.a.j.g.u.JMeterMenuBar: setRunning(false, *local*)
2025-12-20 18:36:21,999 INFO o.a.j.e.StandardJMeterEngine: Running the test!
2025-12-20 18:36:22,001 INFO o.a.j.s.SampleEvent: List of sample_variables: []
2025-12-20 18:36:22,001 INFO o.a.j.g.u.JMeterMenuBar: setRunning(true, *local*)
2025-12-20 18:36:22,025 INFO o.a.j.e.StandardJMeterEngine: Starting ThreadGroup: 1 : Test
2025-12-20 18:36:22,025 INFO o.a.j.e.StandardJMeterEngine: Starting 1 threads for group Test.
2025-12-20 18:36:22,025 INFO o.a.j.e.StandardJMeterEngine: Thread will continue on error
2025-12-20 18:36:22,025 INFO o.a.j.t.ThreadGroup: Starting thread group... number=1 threads=1 ramp-up=1 delayedStart=false
2025-12-20 18:36:22,025 INFO o.a.j.t.ThreadGroup: Started thread group number 1
2025-12-20 18:36:22,025 INFO o.a.j.e.StandardJMeterEngine: All thread groups have been started
2025-12-20 18:36:22,025 INFO o.a.j.t.JMeterThread: Thread started: Test 1-1
2025-12-20 18:36:22,271 INFO o.a.j.t.JMeterThread: Thread is done: Test 1-1
2025-12-20 18:36:22,271 INFO o.a.j.t.JMeterThread: Thread finished: Test 1-1
2025-12-20 18:36:22,271 INFO o.a.j.e.StandardJMeterEngine: Notifying test listeners of end of test
2025-12-20 18:36:22,272 INFO o.a.j.g.u.JMeterMenuBar: setRunning(false, *local*)
